<?xml version="1.0" encoding="utf-8"?><testsuites name="pytest tests"><testsuite name="pytest" errors="0" failures="0" skipped="0" tests="4" time="0.218" timestamp="2026-08-06T21:58:54.590300+08:00" hostname="StephendeMacBook-Air.local"><testcase classname="tests.data_governance.unit.test_data_domain" name="test_contract_diff_flags_required_and_sensitive_breaks" time="0.001" /><testcase classname="tests.data_governance.unit.test_data_domain" name="test_event_ordering_never_advances_across_gap" time="0.000" /><testcase classname="tests.data_governance.integration.test_data_integrity_runtime" name="test_transactional_outbox_rolls_back_with_caller_transaction_and_deduplicates" time="0.101" /><testcase classname="tests.data_governance.integration.test_data_integrity_runtime" name="test_inbox_deduplicates_and_persists_event_gap_without_sensitive_receipt" time="0.025" /></testsuite></testsuites>