<?xml version="1.0" encoding="utf-8"?><testsuites name="pytest tests"><testsuite name="pytest" errors="0" failures="0" skipped="0" tests="10" time="2.695" timestamp="2026-08-06T21:17:24.283629+08:00" hostname="StephendeMacBook-Air.local"><testcase classname="tests.experience.unit.test_experience_domain" name="test_handoff_context_accepts_only_declared_non_sensitive_identifiers" time="0.001" /><testcase classname="tests.experience.unit.test_experience_domain" name="test_restrictions_keep_safe_rights_reachable" time="0.001" /><testcase classname="tests.experience.unit.test_experience_domain" name="test_route_graph_finds_broken_critical_links_and_closure_fails_closed" time="0.000" /><testcase classname="tests.experience.unit.test_experience_domain" name="test_feedback_context_drops_sensitive_fields" time="0.001" /><testcase classname="tests.experience.integration.test_experience_control_plane" name="test_task_home_and_journey_resume_use_authoritative_projections" time="0.652" /><testcase classname="tests.experience.integration.test_experience_control_plane" name="test_handoff_encrypts_context_rechecks_access_and_never_returns_ciphertext" time="0.185" /><testcase classname="tests.experience.integration.test_experience_control_plane" name="test_deep_link_is_user_bound_single_use_and_has_safe_fallback" time="0.321" /><testcase classname="tests.experience.integration.test_experience_control_plane" name="test_support_routing_encrypts_description_and_search_is_owner_filtered" time="0.819" /><testcase classname="tests.experience.integration.test_experience_control_plane" name="test_runtime_dead_end_and_closure_gates_remain_fail_closed_without_review" time="0.496" /><testcase classname="tests.experience.concurrency.test_task_deduplication" name="test_concurrent_task_sync_keeps_one_deduplication_key" time="0.182" /></testsuite></testsuites>