<?xml version="1.0" encoding="utf-8"?><testsuites name="pytest tests"><testsuite name="pytest" errors="0" failures="0" skipped="0" tests="18" time="2.117" timestamp="2026-08-06T21:16:53.982660+08:00" hostname="StephendeMacBook-Air.local"><testcase classname="tests.process_governance.concurrency.test_process_races" name="test_completion_cancellation_and_expiry_have_one_valid_terminal_outcome" time="0.001" /><testcase classname="tests.process_governance.concurrency.test_process_races" name="test_event_gap_never_silently_advances_sequence" time="0.000" /><testcase classname="tests.process_governance.integration.test_process_runtime" name="test_process_start_and_step_receipts_are_durable_and_idempotent" time="0.751" /><testcase classname="tests.process_governance.integration.test_process_runtime" name="test_registered_state_machines_pass_runtime_graph_verification" time="0.218" /><testcase classname="tests.process_governance.integration.test_process_runtime" name="test_idempotency_key_reuse_with_different_input_is_rejected" time="0.164" /><testcase classname="tests.process_governance.integration.test_process_runtime" name="test_registered_compensation_is_idempotent_and_preserves_receipt" time="0.196" /><testcase classname="tests.process_governance.integration.test_process_runtime" name="test_event_inbox_deduplicates_and_buffers_gaps" time="0.138" /><testcase classname="tests.process_governance.integration.test_process_runtime" name="test_cancellation_uses_optimistic_version_and_is_idempotent" time="0.158" /><testcase classname="tests.process_governance.integration.test_process_runtime" name="test_stuck_scan_creates_controlled_intervention_and_rejects_direct_state_edit" time="0.175" /><testcase classname="tests.process_governance.integration.test_process_runtime" name="test_business_line_certification_requires_independent_production_evidence" time="0.274" /><testcase classname="tests.process_governance.security.test_process_boundaries" name="test_process_module_has_no_domain_table_mutation_sql" time="0.000" /><testcase classname="tests.process_governance.security.test_process_boundaries" name="test_database_and_policy_reject_unsafe_operator_repairs" time="0.000" /><testcase classname="tests.process_governance.unit.test_process_domain" name="test_state_machine_verifier_accepts_complete_graph" time="0.000" /><testcase classname="tests.process_governance.unit.test_process_domain" name="test_verifier_detects_unreachable_dead_end_and_missing_controls" time="0.000" /><testcase classname="tests.process_governance.unit.test_process_domain" name="test_event_ordering_is_fail_closed" time="0.000" /><testcase classname="tests.process_governance.unit.test_process_domain" name="test_safety_cancellation_has_priority_but_terminal_fact_is_final" time="0.001" /><testcase classname="tests.process_governance.unit.test_process_domain" name="test_unregistered_or_direct_repair_is_rejected" time="0.001" /><testcase classname="tests.process_governance.unit.test_process_domain" name="test_fault_simulation_preserves_global_invariants" time="0.000" /></testsuite></testsuites>